[    0.000000] Initializing cgroup subsys cpuset
[    0.000000] Initializing cgroup subsys cpu
[    0.000000] Initializing cgroup subsys cpuacct
[    0.000000] Linux version 4.4.0-53-generic (buildd@lcy01-28) (gcc version 5.4.0 20160609 (Ubuntu 5.4.0-6ubuntu1~16.04.4) ) #74-Ubuntu SMP Fri Dec 2 15:59:10 UTC 2016 (Ubuntu 4.4.0-53.74-generic 4.4.30)
[    0.000000] Command line: BOOT_IMAGE=/boot/vmlinuz-4.4.0-53-generic root=LABEL=cloudim-rootf ro console=tty1 consolettS0
[    0.000000] KERNEL supported cpus:
[    0.000000]   Intel GenuineIntel
[  000000]   AMD AuthenticAMD
[    0.000000]   Centaur CentaurHauls
[    0.000000] x86/fpu: xstate_offset[2]:  576, xstate_sizes[2]:  256
[    0.000000] x86/fpu: Supporting XSAVE feature 0x01: 'x87 floating point registers'
[    0.000000] x86/fpu: Supporting XSAVE feature 0x02: 'SSE registers'
[    0.000000] x86/fpu: Supporting XSAVE feature 0x04: 'AVX registers'
[    0.000000] x86/fpu: Enabled xstate features 0x7, context size is 832 bytes, using'sanard' format.
[    0.000000] x86/fpu: Using 'lazy' FPU context switches.
[    0.000000] e820: BOS-provided physical RAM map:
[    0.000000] BIO-e20: [em0x0000000000000000-0x000000000009bf] sale
[    0.000000] BIOS-e820: [mem0x000000009fc00-0x000000000009ffff] reserved
[    0.000000] BIOS-e820: [mem 0x00000000000f000-000000000ffff rserved
[    0.000000] BIOS-e820: [mem 0x0000000000100000-0x000000007ffeffff] sale
[   0.0000] BIOS-e820 [em 0x000000007fff0000-0x000000007fffffff] ACPI data
[    0.000000] BIOS-e820: [mem 0x00000000fffc0000-0x0000000ffffffff] reserved
[    000000] NX Execute Disable) protection: active
[    0.000000] SMBIOS 2.5 present.
[   0.0000 Hypervisr etected: KVM
[    0.000000] e820: last_pfn = 0x7fff0 max_arch_pfn = 0x400000000
[    0.0000] MTRR: Disabled
[    0.000000] x86/PAT: MTRRs disabled, skipping PAT initialization too.
[    0.000000] x86/PAT: Configuration [0-7]: WB  WT  UC- UC  WB  WT  UC- UC  
[    0.000000] CPU MTRRs all blank  vrtualized system.
[    0.000000] oud SMP MP-table at [mem 0x0009fff0-0x0009ffff] mapped at [ffff88000009fff0]
[    0.000000] Scanning 1 areas for low memory corruption
[    0.000000] RAMDISK: [mem 0x36f5a000-0x377a4fff]
[    0.000000 API Erly table cecsum verification disabled
[    0.000000] ACPI: RSDP 0x0000000000E0000 000024 (v02 VBOX  )
[    0.000000] ACPI: SDT 0x000000007FFF0030 00003C (v01 VBOX   VBOXXSDT 00000001 ASL  00000061)
[    0.000000] ACPI: FACP 0x000000007FFF00F0 0000F4 (v04 VBOX   VBOXFACP 0000000 AL 00000061)
[    0.000000] ACPI: DSDT 0x000000007FFF0480 001BF1 (v01 VBOX   VBOXBIOS 00000002 INTL 20100528)
[    0.0000]ACPI: FACS 0x000000007FFF0200 000040
[    0.000000] ACPI: FACS 0x000000007FFF0200 000040
[    0.000000] ACPI: APIC 0x000000007FFF0240 0006C (v02 VBOX   VBOXAPIC 00000001 ASL  00000061)
[    0.000000] ACPI: SSDT 0x000000007FFF02B0 0001CC (v01 VBOX   VBOXCPUT 00000002 INTL 20100528)
[    0.000000] No NUMA configuration found
[    0.000000] Faking a node at [mem 0x000000000000000-0x000000007ffeffff]
[    000000 NDE_DATA(0) allocated [mem 0x7ffeb000-0x7ffeffff]
[    0.000000] kvm-clock: Using msrs 4b564d01 and 4b564d00
[    0.000000] kvm-clock: cpu 0, msr 0:7ffe7001, primary cpu clock
[    0.000000] kvm-clock: using sched offset of2933435304 cycles
[    0.000000] clocksource: kvm-clock: mask: 0xffffffffffffffff max_cycles: 0x1cd42e4dffb, max_idle_ns: 881590591483 ns
[    0.000000] Zone ranges:
[    0.000000]   DMA      [mem 0x0000000000001000-0x0000000000ffffff]
[    0.000000]   DMA32    [mem 0x0000000001000000-0x000000007ffeffff]
[    0.000000]   Nrml  empty
[    0.000000]   Device   empty
[    0.000000] Movable zone start for each node
[    0.000000] Early memory node ranges
[    0.000000]   node   0: [mem 0x00000000000100-x00000000009efff]
[    0.000000]   ne   0: [mem 0x0000000000100000-0x000000007ffeffff]
[    0.000000] Initmem setup node 0 [mem 0x0000000000001000-0x000000007ffeffff]
[    0.000000] ACPI: PM-Timer IO Port: 0x4008
[    0.000000] IOAPIC[0]: apic_id 4, version 17, address 0xfec00000, GSI 23
[    0.0000]ACPI: INT_SRC_OVR (bus 0 bus_irq 0 global_irq 2 dfl dfl)
[    0.000000] CPI: INT_SRC_OVR (bus 0 bus_irq 9 global_irq 9 high level)
[    0.000000] Using ACPI (MADT) for SMP configuration information
[    0.000000] smpboot: Allowing 4 CPUs, 0 hotplug CPUs
[    .00000] PM: Registerednosave memory: [mem 0x00000000-0x00000fff][   0.000000] PM: Registered nosave memory: [mem 0x0009f000-0x0009ffff]
[   0.000000] PM: Registered nosave memory: [mem 0x000a0000-0x000effff]
[    0.000000] PM: Registered nosave memory: [mem 0x000f0000-0x000fffff]
[    0.000000] e820: [mem 0x80000000-0xfffbffff] available for PCI devices
[    0.000000] Booting paravrtalze kernel on KVM
[    0.000000] clocksource: refined-jiffies: mask: 0xffffffff max_cycles: 0xffffffff, max_idle_ns: 764551960021158 s
[    0.000000] setup_percpu: NR_CPUS:256 nr_cpumask_bits:256 nr_cpu_ids:4 nr_node_ids:1
[    0.000000] PERCPU: Ebedded 33 pages/cpu @ffff88007fc00000 s98008 r8192 d28968 u524288
[    0.000000] PV qspinlock hshtale entries: 256 (order: 0, 4096 bytes)
[    0.000000] Built 1 zonelists in Node order, mobility grouping on.  Total pages: 515961
[    0.000000] Policy zone: DMA32
[    0.000000] Kernel command line: BOOT_IMAGE=/boot/vmlinuz-4.4.0-53-generic root=LABEL=cloudimg-rootfs ro console=tty1 console=ttyS0
[    0.000000] PID hash table entries: 4096 (order: 3, 32768 bytes)
[    0.000000] Memory: 2036068K/2096696K available (8427K kernel code, 1285K rwdata, 3956K rodaa,140K init, 1292K bss, 60628K reserved, 0K cma-reserved)
[    0.000000] SLUB: HWalign=64, Order=0-3, MinObjects=0, CPUs=4, Nodes=1
[    0.000000] Hierarchical RCU implementation.
[    0.000000] 	Build-time adjustment of leaf fanout to 64.
[    0.000000] 	RCU restricting CPUs from NR_CPUS=256 to nr_cpu_ids=4.
   0000000] RCU: Adjustig geometry for rcu_fanout_leaf=64, nr_cpu_ids=4
[    0.000000] NR_IRQS:16640 nr_irqs:456 16
[    0.000000] Console: colour VGA+ 80x25
[    0.000000] console [tty1] enabled
[    0.000000] console [ttyS0] enabled
[    0.000000] tsc: Detected 3298.090 MHz processor
[    1.954424] Calibrating delay loop (skipped) preset value.. 6596.18 BogoMIPS (lpj=13192360)
[    1.955964] pid_max: default: 32768 minimum: 301
[    1.956787] ACPI: Core revision 20150930
[    1.958210] ACPI: 2 ACPI AML tables successfully acquired and loaded
[    1.959389] Security Framework initialized
[    1.960145] Yama: becoming mindful.
[    1.960837] AppArmor: AppArmor initialized
[    1.963183] Dentry cache hash table entries: 262144 (order: 9, 2097152 bytes)
[    1.964597] Inode-cache hash table entries: 131072 (order: 8, 1048576 bytes)
[    1.967020] Mount-cache hash table entries: 4096 (order: 3, 32768 bytes)
[    1.985952] Mountpoint-cache hash table entries: 4096 (order: 3, 32768 bytes)
[    1.992031] Initializing cgroup subsys io
[    1.992785] Initializing cgroup subsys memory
[    1.993575] Initializing cgroup subsys devices
[    1.994399] Initializing cgroup subsys freezer
[    1.995200] Initializing cgroup subsys net_cls
[    1.997935] Initializing cgroup subsys perf_event
[    1.998771] Initializing cgroup subsys net_prio
[    1.999582] Initializing cgroup subsys hugetlb
[    2.000381] Initializing cgroup subsys pids
[    2.017906] CPU: Physical Processor ID: 0
[    2.030733] CPU: Processor Core ID: 0
[    2.032286] mce: CPU supports 0 MCE banks
[    2.033060] Last level iTLB entries: 4KB 1024, 2MB 1024, 4MB 1024
[    2.037928] Last level dTLB entries: 4KB 1024, 2MB 1024, 4MB 1024, 1GB 4
[    2.040719] Freeing SMP alternatives memory: 32K (ffffffff820b5000 - ffffffff820bd000)
[    2.049540] ftrace: allocating 32053 entries in 126 pages
[    2.087380] smpboot: Max logical packages: 1
[    2.097815] smpboot: APIC(0) Converting physical 0 to logical package 0
[    2.123706] ..TIMER: vector=0x30 apic1=0 pin1=2 apic2=-1 pin2=-1
[    2.290423] smpboot: CPU0: Intel(R) Core(TM) i7-5820K CPU @ 3.30GHz (family: 0x6, model: 0x3f, stepping: 0x2)
[    2.310593] Performance Events: unsupported p6 CPU model 63 no PMU driver, software events only.
[    2.338322] KVM setup paravirtual spinlock
[    2.339742] x86: Booting SMP configuration:
[    2.340524] .... node  #0, CPUs:      #1
[    2.341368] kvm-clock: cpu 1, msr 0:7ffe7041, secondary cpu clock
[    2.351510] mce: CPU supports 0 MCE banks
[    2.354078]  #2
[    2.354559] kvm-clock: cpu 2, msr 0:7ffe7081, secondary cpu clock
[    2.363601] mce: CPU supports 0 MCE banks
[    2.392316]  #3
[    2.392816] kvm-clock: cpu 3, msr 0:7ffe70c1, secondary cpu clock
[    2.395595] mce: CPU supports 0 MCE banks
[    2.402118] x86: Booted up 1 node, 4 CPUs
[    2.403133] smpboot: Total of 4 processors activated (26384.72 BogoMIPS)
[    2.404670] devtmpfs: initialized
[    2.406599] evm: security.selinux
[    2.407277] evm: security.SMACK64
[    2.407942] evm: security.SMACK64EXEC
[    2.409728] evm: security.SMACK64TRANSMUTE
[    2.412707] evm: security.SMACK64MMAP
[    2.416389] evm: security.ima
[    2.417032] evm: security.capability
[    2.417985] clocksource: jiffies: mask: 0xffffffff max_cycles: 0xffffffff, max_idle_ns: 7645041785100000 ns
[    2.424669] pinctrl core: initialized pinctrl subsystem
[    2.454760] RTC time: 19:27:58, date: 12/18/16
[    2.457262] NET: Registered protocol family 16
[    2.506584] cpuidle: using governor ladder
[    2.546073] cpuidle: using governor menu
[    2.553466] PCCT header not found.
[    2.569383] ACPI: bus type PCI registered
[    2.572995] acpiphp: ACPI Hot Plug PCI Controller Driver version: 0.5
[    2.579942] PCI: Using configuration type 1 for base access
[    2.591500] ACPI: Added _OSI(Module Device)
[    2.598708] ACPI: Added _OSI(Processor Device)
[    2.599527] ACPI: Added _OSI(3.0 _SCP Extensions)
[    2.613036] ACPI: Added _OSI(Processor Aggregator Device)
[    2.630308] ACPI: Executed 1 blocks of module-level executable AML code
[    2.635258] ACPI: Interpreter enabled
[    2.635990] ACPI: (supports S0 S5)
[    2.645226] ACPI: Using IOAPIC for interrupt routing
[    2.646251] PCI: Using host bridge windows from ACPI; if necessary, use "pci=nocrs" and report a bug
[    2.651345] ACPI: PCI Root Bridge [PCI0] (domain 0000 [bus 00-ff])
[    2.652377] acpi PNP0A03:00: _OSC: OS supports [ASPM ClockPM Segments MSI]
[    2.659143] acpi PNP0A03:00: _OSC failed (AE_NOT_FOUND); disabling ASPM
[    2.661443] acpi PNP0A03:00: fail to add MMCONFIG information, can't access extended PCI configuration space under this bridge.
[    2.664735] PCI host bridge to bus 0000:00
[    2.665510] pci_bus 0000:00: root bus resource [io  0x0000-0x0cf7 window]
[    2.666647] pci_bus 0000:00: root bus resource [io  0x0d00-0xffff window]
[    2.667774] pci_bus 0000:00: root bus resource [mem 0x000a0000-0x000bffff window]
[    2.670344] pci_bus 0000:00: root bus resource [mem 0x80000000-0xffdfffff window]
[    2.673551] pci_bus 0000:00: root bus resource [bus 00-ff]
[    2.690679] pci 0000:00:01.1: legacy IDE quirk: reg 0x10: [io  0x01f0-0x01f7]
[    2.691931] pci 0000:00:01.1: legacy IDE quirk: reg 0x14: [io  0x03f6]
[    2.699379] pci 0000:00:01.1: legacy IDE quirk: reg 0x18: [io  0x0170-0x0177]
[    2.711237] pci 0000:00:01.1: legacy IDE quirk: reg 0x1c: [io  0x0376]
[    2.756234] ACPI: PCI Interrupt Link [LNKA] (IRQs 5 9 10 11) *0, disabled.
[    2.760356] ACPI: PCI Interrupt Link [LNKB] (IRQs 5 9 10 *11)
[    2.761966] ACPI: PCI Interrupt Link [LNKC] (IRQs 5 9 *10 11)
[    2.768881] ACPI: PCI Interrupt Link [LNKD] (IRQs 5 *9 10 11)
[    2.770355] ACPI: Enabled 2 GPEs in block 00 to 07
[    2.772304] vgaarb: setting as boot device: PCI:0000:00:02.0
[    2.779877] vgaarb: device added: PCI:0000:00:02.0,decodes=io+mem,owns=io+mem,locks=none
[    2.797353] vgaarb: loaded
[    2.808245] vgaarb: bridge control possible 0000:00:02.0
[    2.809412] SCSI subsystem initialized
[    2.822961] ACPI: bus type USB registered
[    2.823747] usbcore: registered new interface driver usbfs
[    2.842797] usbcore: registered new interface driver hub
[    2.843777] usbcore: registered new device driver usb
[    2.851090] PCI: Using ACPI for IRQ routing
[    2.864043] NetLabel: Initializing
[    2.865816] NetLabel:  domain hash size = 128
[    2.866634] NetLabel:  protocols = UNLABELED CIPSOv4
[    2.867523] NetLabel:  unlabeled traffic allowed by default
[    2.869750] amd_nb: Cannot enumerate AMD northbridges
[    2.870742] clocksource: Switched to clocksource kvm-clock
[   2.8083 AppArmor: AppArmor Filesystem Enabled
[    2.971655] pnp: PnP ACPI init
[    2.972967] pnp: PnP ACPI: found 4 devices
[   2.984186] clocksource: acpi_pm: mask: 0xffffff max_cycles: 0xffffff, max_idle_ns: 2085701024 ns
[    3.007594] NET: Registered protocol family 2
[    3.008600] TCP established hash table entries: 16384 (order: 5, 131072 bytes)
[   .00998] CPbid as tbl entries: 16384 (order: 6, 26244 bytes)
[    3.255377] TCP: Hash tables configured (established 16384 bid 1638)[   .3359]UD hash table entries:104 orer 3 376 bte)
[    3.695493] UDP-Lite hash table entries: 1024 (orer 3 376 bte)
[    3.8449] ET Rgiteed protocol famil 1
[    4.05539] ci000:0:0.: imiting direct PCI/PCI transfers
[    4.234659] pci 0000:00:01.0: Activating ISA DMA hang workarounds
[   .2580]Trying to unpack rootfs image asnirafs..

[    5.694799] Freeing initrd memory: 8492K (ffff880036f5a000 - ffff8800377a5000)
[    5.699447] RAPL PMU detected, API unit is 2^-32 Joules, 3 fixed counters 10737418240 ms ovfl timer
[    5.701052] hw unit of domain pp0-core 2^-0 Joules
[    5.703827] hw unit of domain package 2^-0 Joules
[    5.704674] hw unit of domain dram 2^-16 Joules
[    5.705554] platform rtc_cmos: registered latform RTC device(nPNP devce oun)
[    5.861638] Scanning for low memory corruption every 60 seconds
[   5.863200] futex hash table entries: 1024 (order: 4, 65536 bytes)
[    5.886074] audit: initializing netlink subsys (disabled)[   .9881]audit: type=2000 audit(1482089284.173:1): initialized
[    6.059221] Initialise system trusted keyring
[    6.060399] HugeTLB registered 2 MB page size, pre-allocated 0 pages
[    6.065226] zud: loaded
[   .07932] VFS:Dik quotas dquot_6.6.0
[    6.222212] VFS: Dquot-cache hash table entries: 512 (order 0, 4096 bytes)
[    6.223593] squashfs: version 4.0 (200/0/3) hillip Lougher
[    6.312212] fuse init (API version7.3)
[    6.378425] Key type big_key registered
[    6.379207] Allocating IMA MOK and blacklist keyrings.
[    6.381120] Key type asymmetric registered
[    6.382031] Asymmetric key parser 'x509' registered
[    6.382929] Block layer SCSI generic (bsg) driver version 0.4 loaded (major 249)

[    6.384466] io scheduler noop registered
[    6.388560] io scheduler deadline reistere (deful)
    .47140 io scheduler cfq registered
[    6.567254] pci_hotplug: PCI Hot Plug PCI Core version: 0.5
[    6.568229] pciehp: PCI Express Hot Plug Controller Driver version: 0.4
[   6.569508] ACPI: AC Adapter [AC] (on-line)
[   6.592381] input: Power Button as /devices/LNXSYSTM:00/LNXPWRBN:00/input/input0
[    6.615800] ACPI: Power Button [PWRF]
[    6.628958] inpt:Sleep Button as /devices/LNXSYSTM:00/LNXSLPBN:00/input/input1
[    6.703572] tsc: Refined TSC clocsource calibration: 3296.578 MHz
[    6.703574] clocksource tc: mask: 0xffffffffffffffff max_cycles: 0x2f84aba7490, max_idle_ns: 440795205633 ns
[   .7781]ACI:Sleep Button [SLPF]

[    6.932636] GHES: HEST is not enabled!
[    6.933476] Serial: 8250/16550 driver, 32 ports, IRQ sharing enabled
[    6.956319] 00:03: ttyS0 at I/O 0x3f8 (irq = 4, base_baud = 115200) is a 16550A
[    6.961026] Linux agpgart interfac v.103

[   7.009343] brd: module loaded

[    7.035601] loop: module loaded
[    7.036935] scsi host0: ata_piix
[    7.037842] scsi host: aa_piix
[    7.102072] ata1: PATA max UDMA/33 cmd 0x1f0 ctl 0x3f6 bmdma 0xd000 irq 14
[   .10245] ata2: PATA max UDMA/33 cmd 0x170 ctl 0x376 bmdma 0xd008 irq 15
[    7.170360] libphy: Fixed MDIO Bus: probed
[    7.171238] tun: Universal TUN/TAP device driver, 1.6
[    7.172139] tun: (C) 1999-2004 Max Krasnyansky <maxk@qualcomm.com>
[    7.173211] PPP generic driver version 2.4.2
[    7.174058] ehci_hcd: USB 2.0 'Enhanced' Host Controller (EHCI) Driver
[    7.188699] ehci-pci: EHCI PCI platform driver
[    7.189528] ehci-platform: EHCI generic patform driver
[    7.228802] ohci_hcd: USB 1.1 'Open' Host Controller (OHCI) Driver
[    7.229857 oci-pci: OHCI PCI platform driver
[   .275011] ohci-platform: OHCI generic platfom driver

[    7.342179 ui_cd: USB Universl oost Controller Interface driver
[    7.485960] i8042: PNP: PS/2 Controller [PNP0303:PS2K,PNP0f03:PS2M] at 0x60,0x64 irq 1,12
[    7.489048] serio: i8042 KBD port at 0x60,0x64 irq 1
[    74893] serio: i8042 AUX port at 0600x4 rq12
[    7.687952] mousedev: PS/2 mouse device common for all mice
[    7.689349] rtc_cmos rtc_cmos: rtc core: registered rtc_cmos as rtc0
[   .6043]rt_cosrt_cmos: alarms up toon dy,11 bytes nvram
[    7.99808] i2c /dev entries driver
[    7.998091] input: AT Translated Set 2 keyboard as /devices/platform/i8042/serio0/input/input2
[    8.022518] device-mapper: uevent: version 1.0.3
[    .023537] device-mapper: ioctl: 4.34.0-ioctl (2015-10-28) initialised: dm-devel@redhat.com
[    8.064277] ledtrig-cpu: registered to indicate activity on CPUs
[    8.066004] NET: Registered protocol family 10
[    8.067224] NET: Registered protocol family 17
[    8.068056] Key type dns_resolver registered
[   8.069074] microcode: CPU0sig0x306f2, pf=0x2, revsion=0x19
[    8.182493] microcode: CPU1 sig=0x306f2, pf=0x2, revision=0x19
[    8.183599] microcode: CPU2 sig=0x306f2, pf=0x2, revision=0x1
[    8.206527] microcode: CPU3 sig=0x306f2, pf=0x2, revision=0x19
[    8.213381] microcode: Microcode Update Driver: v2.01 <tigran@aivazian.fsnet.co.uk>, Peter Oruba
[    8.215328] registered taskstats version 1
[    8.216112] Loading compled-in X.509 certificates
[    8.254115] Loaded X.509 cert 'Build time autogenerated kernel key: e9dbd2fef92418dc580496786c73d19aa7d17'
[   8333989] zswap: loaded using pool lzo/zbud

[    8.381082] Key type trusted registered
[    8.387947] Key type encrypted registered
[    8.391919] AppArmor: AppArmor sha1 policy hashing enabled
[    8.392871] ima: No TPM chip found, activating TPM-bypass!
[    8.395756] evm: HMAC attrs: 0x1
[    8.396730]   Magic number: 12:332:496
[    8.397600] rtc_cmos rtc_cmos: setting system clock to 2016-12-18 19:28:04 UTC (1482089284)
[    8.400401] BIOS EDD facility v0.16 2004-Jun-25, 0 devices found
[    8.403566] EDD information not available.
[    8.414081] Freeing unused kernel memory: 1480K (ffffffff81f43000 - ffffffff820b5000)
[    8.415612] Write protecting the kernel read-only data: 14336k
[    8.425257] Freeing unused kernel memory: 1800K (ffff88000183e000 - ffff880001a00000)
[    8.428449] Freeing unused kernel memory: 140K (ffff880001ddd000 - ffff880001e00000)
Loading, please wait...
starting version[    8.440565] random: systemd-udevd: uninitialized urandom read (16 bytes read, 2 bits of entropy available)
 229
[    8.441230] random: udevadm: uninitialized urandom read (16 bytes read, 2 bits of entropy available)
[    8.441262] random: udevadm: uninitialized urandom read (16 bytes read, 2 bits of entropy available)
[    8.441421] random: udevadm: uninitialized urandom read (16 bytes read, 2 bits of entropy available)
[    8.441455] random: udevadm: uninitialized urandom read (16 bytes read, 2 bits of entropy available)
[    8.441488] random: udevadm: uninitialized urandom read (16 bytes read, 2 bits of entropy available)
[    8.441523] random: udevadm: uninitialized urandom read (16 bytes read, 2 bits of entropy available)
[    8.441555] random: udevadm: uninitialized urandom read (16 bytes read, 2 bits of entropy available)
[    8.441589] random: udevadm: uninitialized urandom read (16 bytes read, 2 bits of entropy available)
[    8.441624] random: udevadm: uninitialized urandom read (16 bytes read, 2 bits of entropy available)
[    8.511693] Fusion MPT base driver 3.04.20
[    8.523461] Copyright (c) 1999-2008 LSI Corporation
[    8.532588] Fusion MPT SPI Host driver 3.04.20
[    8.540171] AVX version of gcm_enc/dec engaged.
[    8.542916] mptbase: ioc0: Initiating bringup
[    8.542951] e1000: Intel(R) PRO/1000 Network Driver - version 7.3.21-k8-NAPI
[    8.542951] e1000: Copyright (c) 1999-2006 Intel Corporation.
[    8.560020] AES CTR mode by8 optimization enabled
[    8.618219] ioc0: LSI53C1030 A0: Capabilities={Initiator}
[    8.731366] input: ImExPS/2 Generic Explorer Mouse as /devices/platform/i8042/serio1/input/input4
[    9.256964] scsi host2: ioc0: LSI53C1030 A0, FwRev=00000000h, Ports=1, MaxQ=256, IRQ=20
[   10.278351] scsi 2:0:0:0: Direct-Access     VBOX     HARDDISK         1.0  PQ: 0 ANSI: 5
[   10.285879] scsi target2:0:0: Beginning Domain Validation
[   10.287953] scsi target2:0:0: Domain Validation skipping write tests
[   10.297330] scsi target2:0:0: Ending Domain Validation
[   10.651468] scsi target2:0:0: asynchronous
[   10.652867] scsi 2:0:1:0: Direct-Access     VBOX     HARDDISK         1.0  PQ: 0 ANSI: 5
[   10.654587] scsi target2:0:1: Beginning Domain Validation
[   10.664694] scsi target2:0:1: Domain Validation skipping write tests
[   10.716340] scsi target2:0:1: Ending Domain Validation
[   10.720388] scsi target2:0:1: asynchronous
[   10.862677] sd 2:0:0:0: Attached scsi generic sg0 type 0
[   10.899757] sd 2:0:0:0: [sda] 20971520 512-byte logical blocks: (10.7 GB/10.0 GiB)
[   10.900381] sd 2:0:1:0: [sdb] 20480 512-byte logical blocks: (10.5 MB/10.0 MiB)
[   10.900571] sd 2:0:1:0: Attached scsi generic sg1 type 0
[   10.900665] sd 2:0:1:0: [sdb] Write Protect is off
[   10.900824] sd 2:0:1:0: [sdb] Incomplete mode parameter data
[   10.900825] sd 2:0:1:0: [sdb] Assuming drive cache: write through
[   10.903462] sd 2:0:1:0: [sdb] Attached SCSI disk
[   10.915422] sd 2:0:0:0: [sda] Write Protect is off
[   10.916569] sd 2:0:0:0: [sda] Incomplete mode parameter data
[   10.923989] sd 2:0:0:0: [sda] Assuming drive cache: write through
[   10.929346]  sda: sda1
[   10.932044] sd 2:0:0:0: [sda] Attached SCSI disk
[   10.982329] e1000 0000:00:03.0 eth0: (PCI:33MHz:32-bit) 02:d8:e4:47:7a:33
[   10.989379] e1000 0000:00:03.0 eth0: Intel(R) PRO/1000 Network Connection
[   10.991335] e1000 0000:00:03.0 enp0s3: renamed from eth0
[   11.551351] floppy0: no floppy controllers found
Begin: Loading e[   13.997711] md: linear personality registered for level -1
ssential drivers ... [   14.010565] md: multipath personality registered for level -4
[   14.030960] md: raid0 personality registered for level 0
[   14.040447] md: raid1 personality registered for level 1
[   14.114775] raid6: sse2x1   gen() 10046 MB/s
[   14.718997] raid6: sse2x1   xor()  7922 MB/s
[   14.790839] raid6: sse2x2   gen() 12990 MB/s
[   15.530954] raid6: sse2x2   xor()  8655 MB/s
[   15.602792] raid6: sse2x4   gen() 14932 MB/s
[   15.717705] raid6: sse2x4   xor() 10894 MB/s
[   15.719652] raid6: using algorithm sse2x4 gen() 14932 MB/s
[   15.720613] raid6: .... xor() 10894 MB/s, rmw enabled
[   15.721499] raid6: using ssse3x2 recovery algorithm
[   15.723837] xor: automatically using best checksumming function:
[   15.767086]    avx       : 35449.000 MB/sec
[   15.790197] async_tx: api initialized (async)
[   15.797857] md: raid6 personality registered for level 6
[   15.809029] md: raid5 personality registered for level 5
[   15.813015] md: raid4 personality registered for level 4
[   15.824787] md: raid10 personality registered for level 10
done.
Begin: Running /scripts/init-premount ... done.
Begin: Mounting root file system ... Begin: Running /scripts/local-top ... done.
Begin: Running /scripts/local-premount ... [   15.850621] Btrfs loaded
Scanning for Btrfs filesystems
done.
Warning: fsck not present, so sk[   15.890011] EXT4-fs (sda1): mounted filesystem with ordered data mode. Opts: (null)
ipping root file system
done.
Begin: Running /scripts/local-bottom ... done.
Begin: Running /scripts/init-bottom ... Warning: overlayroot: debug is busted
done.
[   15.980216] systemd[1]:sytemd 229 running in system mode. (+PAM +AUDIT +SELINUX +IMA +APPARMOR +SMACK +YSINT UTP LIBRYPTSETUP+GCRYPT +GNUTLS +ACL +XZ -LZ4 +SECCOMP +BLKID +ELFUTILS +KMOD -IDN)
[   16.252974] systemd[1]: Detected virtualization oracle.
[   16.253909] systemd[1]: Detected architecture x86-64.

Welcome to [1mUbuntu 16.04.1 LTS[0m!

[   16.288149] systemd[1]: Set hostname to <ubuntu>.
[   16.291440] systemd[1]: Initializing machine ID from random generator.[   16.329339] systemd[1]: Installedtrnsen /tc/machine-id file.
[   6.1666 sstmd1]: Listening on udev Control Sckt.
[[0;32m  OK  [0m] Listening on udev Control Socket.
[   17.078208] systemd[1]: Listening on Journal Audit Socket.
[[0;32m  OK  [0m] Listening on Journal Audit Socket.
[   17.218609] systemd[1]: Created slice System Slice.
[[0;32m  OK  [0m] Created slice System Slice.
[   17.221029] systemd[]: Set up automount Arbitrary Executable File Formats File System Automount Point.
[[0;32m  OK  [0m] Set up automount Arbitrary Executab...ats File System Automount Point.
[   17.261990] systemd[1]: Listening on Journal Socket.
[[0;32m  OK  [0m] Listening on Journal Socket.
[   17.275412] systemd[1]: Starting Uncomplicated firewall...
         Starting Uncomplicated firewall...
[   17.300273] systemd[1]: Starting Remount Root and Kernel File Systems...
[   17.303545] EXT4-fs (sda1): re-mounted. Opts: (null)
         Starting Remount Root and Kernel File Systems...
[   17.628334] systemd[1]: Starting Set console keymap...
         Starting Set console keymap...
[   17.645404] systemd[1]: Starting Load Kernel Modules...
[   17.695867] Loading iSCSI transport class v2.0-870.
         Starting Load Kernel Modules...
[   17.705423] iscsi: registered transport (tcp)
[   17.762930] systemd[1]: Mounting Huge Pages File System...
         Mounting Huge Pages File System...
[   17.767619] systemd[1]: Created slice User and Session Slice.
[[0;32m  OK  [0m] Created slice User and Session Slice.
[   17.785756] iscsi: registered transport (iser)
[   17.791334] systemd[1]: Reached target Slices.
[[0;32m  OK  [0m] Reached target Slices.
[   17.795708] systemd[1]: Starting Create list of required static device nodes for the currnt erel..
         Starting Create list of required st... nodes for the current kernel...
[   18.139032] systemd[1]: Mounting Debug File System...
         Mounting Debug File System...
[   18.150540] systemd[1]: Starting Nameserver information manager...
         Starting Nameserver information manager...
[   18.167336] systemd[1]: Listening on LVM2 metadata daemon sckt.

[[0;32m  OK  [0m] Listening on LVM2 metadata daemon socket.
[   18.238763] sstemd[1: isenngonSylo Sckt.
[[0;32m  OK  [0m] Listening on Syslog Socket.
[  1.51566] systemd[1]: Listening on Device-mapper event daemon FIFOs.
[[0;32m  OK  [0m] Listening on Device-mapper event daemon FIFOs.
[   18.598222] systemd[1]: Reached target User and Group Name Looups.
[[0;32m  OK  [0m] Reached target User and Group Name Lookups.
[   18.706892] systemd[1]: Mounting POSIX Message Queue File System...
         Mounting POSIX Message Queue File System...
[   18.719761] systemd[1]: Created slice system-serial\x2dgetty.slice.
[[0;32m  OK  [0m] Created slice system-serial\x2dgetty.slice.
[   18.997879] systemd[1]: Started Forward Password Requests to Wall Directory Watch.
[[0;32m  OK  [0m] Started Forward Password Requests to Wall Directory Watch.
[   19.057735] systemd[1: isenngonJournal Socket (/dev/log).
[[0;32m  OK  [0m] Listening on Journal Socket (/dev/log).
[   19.223164] systemd[1]: Starting Journal Service...
         Starting Journal Service...
[   19.237623] systemd[1]: Listening on /dev/initctl Compatibility Named Pipe.
[[0;32m  OK  [0m] Listening on /dev/initctl Compatibility Named Pipe.
[   19.247653] systemd[1]: Listening on udev Kernel Socket.
[[0;32m  OK  [0m] Listening on udev Kernel Socket.
[   19.295229] systemd[1]: Listening on LVM2 poll daemon socket.
[[0;32m  OK  [0m] Listening on LVM2 poll daemon socket.
[  19.298957] systemd[1]: Reached target Swap.
[[0;32m  OK  [0m] Reached target Swap.
[   19.685668] systemd[1]: Reached target Encrypted Volumes.
[[0;32m  OK  [0m] Reached target Encrypted Volumes.
[   19.718369] systemd[1]: Starting Monitoring of LVM2 mirrors, snapshots etc. using dmeventd or progress polling...
[   19.719188] random: nonblocking pool is initialized
         Starting Monitoring of LVM2 mirrors... dmeventd or progress polling...
[   19.762269] systemd[1]: Mounted Debug File System.
[[0;32m  OK  [0m] Mounted Debug File System.
[   19.769895] systemd[1]: Mounted Huge Pages File System.
[[0;32m  OK  [0m] Mounted Huge Pages File System.
[   19.772063] systemd[1]: Mounted POSIX Message Queue File System.
[[0;32m  OK  [0m] Mounted POSIX Message Queue File System.
[   19.787519] systemd[1]: Started Journal Service.
[[0;32m  OK  [0m] Started Journal Service.
[[0;32m  OK  [0m] Started Uncomplicated firewall.
[[0;32m  OK  [0m] Started Remount Root and Kernel File Systems.
[[0;32m  OK  [0m] Started Set console keymap.
[[0;32m  OK  [0m] Started Load Kernel Modules.
[[0;32m  OK  [0m] Started Create list of required sta...ce nodes for the current kernel.
[[0;32m  OK  [0m] Started Nameserver information manager.
[[0;32m  OK  [0m] Started LVM2 metadata daemon.
         Starting Create Static Device Nodes in /dev...
         Starting Apply Kernel Variables...
         Mounting FUSE Control File System...
         Starting udev Coldplug all Devices...
         Starting Load/Save Random Seed...
         Starting Initial cloud-init job (pre-networking)...
         Starting Flush Journal to Persistent Storage...
[[0;32m  OK  [0m] Mounted FUSE Control File System.
[[0;32m  OK  [0m] Started Create Static Device Nodes in /dev.
[[0;32m  OK  [0m] Started Apply Kernel Variables.
[[0;32m  OK  [0m] Started Load/Save Random Seed.
[[0;32m  OK  [0m] Started udev Coldplug all Devices.
[[0;32m  OK  [0m] Started Flush Journal to Persistent Storage.
         Starting udev Kernel Device Manager...
[[0;32m  OK  [0m] Started udev Kernel Device Manager.
[[0;32m  OK  [0m] Started Dispatch Password Requests to Console Directory Watch.
[[0;32m  OK  [0m] Found device /dev/ttyS0.
[[0;32m  OK  [0m] Listening on Load/Save RF Kill Switch Status /dev/rfkill Watch.
[[0;32m  OK  [0m] Started Monitoring of LVM2 mirrors,...ng dmeventd or progress polling.
[   18.254619] [cloud-init[0;32m  OK  [0m[504]: ] Cloud-init v. 0.7.8 running 'init-local' at Sun, 18 Dec 2016 19:28:16 +0000. Up 17.98 seconds.Reached target Local File Systems (Pre).

[[0;32m  OK  [0m] Reached target Local File Systems.
         Starting Create Volatile Files and Directories...
         Starting Tell Plymouth To Write Out Runtime Data...
         Starting Commit a transient machine-id on disk...
         Starting LSB: AppArmor initialization...
         Starting Set console font and keymap...
[[0;32m  OK  [0m] Started Create Volatile Files and Directories.
[[0;32m  OK  [0m] Started Tell Plymouth To Write Out Runtime Data.
[[0;32m  OK  [0m] Started Initial cloud-init job (pre-networking).
[[0;32m  OK  [0m] Started Commit a transient machine-id on disk.
[[0;32m  OK  [0m] Reached target Network (Pre).
         Starting Update UTMP about System Boot/Shutdown...
[[0;32m  OK  [0m] Reached target System Time Synchronized.
[[0;32m  OK  [0m] Started Update UTMP about System Boot/Shutdown.
[[0;32m  OK  [0m] Started Set console font and keymap.
[[0;32m  OK  [0m] Started LSB: AppArmor initialization.
         Starting Raise network interfaces...
[[0;32m  OK  [0m] Created slice system-getty.slice.
[[0;32m  OK  [0m] Started Raise network interfaces.
         Starting Initial cloud-init job (metadata service crawler)...
[[0;32m  OK  [0m] Reached target Network.
[   21.698965] cloud-init[1071]: Cloud-init v. 0.7.8 running 'init' at Sun, 18 Dec 2016 19:28:19 +0000. Up 21.20 seconds.
[   21.721252] cloud-init[1071]: ci-info: +++++++++++++++++++++++++++++++++++++Net device info++++++++++++++++++++++++++++++++++++++
[   21.736532] [cloud-init[0;32m  OK  [0m[1071]: ] ci-info: +--------+------+----------------------------+---------------+-------+-------------------+Started Initial cloud-init job (metadata service crawler).

[   21.736770] cloud-init[1071]: ci-info: | Device |  Up  |          Address           |      Mask     | Scope |     Hw-Address    |
[   21.753255] [cloud-init[0;32m  OK  [0m[1071]: ] ci-info: +--------+------+----------------------------+---------------+-------+-------------------+Reached target Cloud-config availability.

[[   21.753527] [0;32m  OK  [0mcloud-init] [1071]: Reached target System Initialization.ci-info: |   lo   | True |         127.0.0.1          |   255.0.0.0   |   .   |         .         |

[   21.769488] [cloud-init[0;32m  OK  [0m[1071]: ] ci-info: |   lo   | True |          ::1/128           |       .       |  host |         .         |Started Timer to automatically refresh installed snaps.

         [   21.769758] Starting Socket activation for snappy daemon.cloud-init
[1071]: ci-info: | enp0s3 | True |         10.0.2.15          | 255.255.255.0 |   .   | 02:d8:e4:47:7a:33 |
[   21.792763] [cloud-init[0;32m  OK  [0m[1071]: ] ci-info: | enp0s3 | True | fe80::d8:e4ff:fe47:7a33/64 |       .       |  link | 02:d8:e4:47:7a:33 |Started ACPI Events Check.

[[   21.793047] [0;32m  OK  [0mcloud-init] [1071]: Started Daily Cleanup of Temporary Directories.ci-info: +--------+------+----------------------------+---------------+-------+-------------------+

[   21.816908] [cloud-init[0;32m  OK  [0m[1071]: ] ci-info: +++++++++++++++++++++++++++Route IPv4 info++++++++++++++++++++++++++++Listening on UUID daemon activation socket.

[[   21.817228] [0;32m  OK  [0mcloud-init] [1071]: Started Trigger resolvconf update for networkd DNS.ci-info: +-------+-------------+----------+---------------+-----------+-------+

[[0;32m  OK  [0m] Reached target Paths.
[[   21.835800] [0;32m  OK  [0mcloud-init] [1071]: Listening on ACPID Listen Socket.ci-info: | Route | Destination | Gateway  |    Genmask    | Interface | Flags |

[   21.850499] [cloud-init[0;32m  OK  [0m[1071]: ] ci-info: +-------+-------------+----------+---------------+-----------+-------+Listening on D-Bus System Message Bus Socket.

[[   21.850810] [0;32m  OK  [0mcloud-init] [1071]: Started Daily apt activities.ci-info: |   0   |   0.0.0.0   | 10.0.2.2 |    0.0.0.0    |   enp0s3  |   UG  |

[   21.885175] cloud-init[1071]: ci-info: |   1   |   10.0.2.0  | 0.0.0.0  | 255.255.255.0 |   enp0s3  |   U   |
[[0;32m  OK  [0m] Reached target Timers.
[   21.885480] cloud-init[1071]: ci-info: +-------+-------------+----------+---------------+-----------+-------+
[   21.905215]          cloud-initStarting LXD - unix socket.[1071]: 
Generating public/private rsa key pair.
[   21.916817] [cloud-init[0;32m  OK  [0m[1071]: ] Your identification has been saved in /etc/ssh/ssh_host_rsa_key.Reached target Network is Online.

[   21.917338] cloud-init[1071]: Your public key has been saved in /etc/ssh/ssh_host_rsa_key.pub.
[   21.931189] cloud-init[1071]: The key fingerprint is:
[   21.937946] cloud-init[1071]: SHA256:la9otxqBNQgl3wat0dGwkXU+40rcz3yGbEhn8TJml+A root@ubuntu-xenial
[   21.949675]          cloud-initStarting iSCSI initiator daemon (iscsid)...[1071]: 
The key's randomart image is:
[   21.957226] [cloud-init[0;32m  OK  [0m[1071]: ] +---[RSA 2048]----+Listening on Socket activation for snappy daemon.

[[   21.957545] [0;32m  OK  [0mcloud-init] [1071]: Listening on LXD - unix socket.|    o.oo+*. .    |

[   21.973349] [cloud-init[0;32m  OK  [0m[1071]: ] |     +.++o.+     |Started iSCSI initiator daemon (iscsid).

[   21.973772] cloud-init[1071]: |      oo* o +..  |
[   21.988728]          cloud-initStarting Login to default iSCSI targets...[1071]: 
|      .+ + +.o.o.|
[   22.000860] [cloud-init[0;32m  OK  [0m[1071]: ] |      . S o =EB.o|Reached target Sockets.

[[   22.001169] [0;32m  OK  [0mcloud-init] [1071]: Reached target Basic System.|         + + @ = |

[   22.012824]          cloud-initStarting /etc/rc.local Compatibility...[1071]: 
|        + + . B o|
[   22.024969]          cloud-initStarting LSB: MD monitoring daemon...[1071]: 
|       . o . . o |
[   22.042955] [cloud-init[0;32m  OK  [0m[1071]: ] |        ...      |Started D-Bus System Message Bus.

[   22.043524] cloud-init[1071]: +----[SHA256]-----+
[   22.053513] [cloud-init[0;32m  OK  [0m[1071]: ] Generating public/private dsa key pair.Started ACPI event daemon.

[   22.053834] cloud-init[1071]: Your identification has been saved in /etc/ssh/ssh_host_dsa_key.
[   22.076848]          cloud-initStarting Pollinate to seed the pseudo random number generator...[1071]: 
Your public key has been saved in /etc/ssh/ssh_host_dsa_key.pub.
[   22.113663]          cloud-initStarting LXD - container startup/shutdown...[1071]: 
The key fingerprint is:
[   22.121331] cloud-init[1071]: SHA256:q5FhhQLb4j4J35tCRZxRxLkOgFTCaxQa++V6N2uVtfY root@ubuntu-xenial
[   22.148234]          cloud-initStarting Accounts Service...[1071]: 
The key's randomart image is:
[   22.174145] [cloud-init[0;32m  OK  [0m[1071]: ] +---[DSA 1024]----+Started Snappy daemon.

[   22.174453] cloud-init[1071]: |+=+o.*o.         |
[   22.196211] cloud-init[1071]: |o=o++ o.         |
[   22.209258]          cloud-initStarting LSB: Record successful boot for GRUB...[1071]: 
|+ +o+ ...        |
[   22.213080] [cloud-init[0;32m  OK  [0m[1071]: ] | = +o...  .      |Started FUSE filesystem for LXC.

[   22.213372] cloud-init[1071]: |o o..oo So .     |
[   22.219112]          cloud-initStarting Login Service...[1071]: 
| +.+ ..oo.o      |
[   22.240925]          cloud-initStarting Auto import assertions from block devices...[1071]: 
| .* o =... .     |
[   22.252828]          cloud-initStarting Apply the settings specified in cloud-config...[1071]: 
|  .o +.=    E    |
[   22.258854] [cloud-init[0;32m  OK  [0m[1071]: ] |   .o.o          |Started Regular background program processing daemon.

[   22.259285] cloud-init[1071]:          Starting System Logging Service...
+----[SHA256]-----+
[   22.274140] [[0;32m  OK  [0m] Started Deferred execution scheduler.
cloud-init[1071]: Generating public/private ecdsa key pair.
[   22.278127] [cloud-init[0;32m  OK  [0m[1071]: ] Your identification has been saved in /etc/ssh/ssh_host_ecdsa_key.Started /etc/rc.local Compatibility.

[   22.300610] [[0;32m  OK  [0m] Started LXD - container startup/shutdown.
cloud-init[1071]: Your public key has been saved in /etc/ssh/ssh_host_ecdsa_key.pub.
[   22.304679] [[0;32m  OK  [0m] Started Auto import assertions from block devices.
[[0;32m  OK  [0m] Started System Logging Service.
cloud-init[1071]: The key fingerprint is:
[   22.333553] [[0;32m  OK  [0m] Started Login to default iSCSI targets.
cloud-init[1071]: SHA256:krFkHW0ky7/J9PDSloPShvvI7xBSwMeUGugKpcY3paQ root@ubuntu-xenial
[   22.348371] [cloud-init[0;32m  OK  [0m[1071]: ] The key's randomart image is:Started LSB: MD monitoring daemon.

[   22.348784] cloud-init[1071]: +---[ECDSA 256]---+
[   22.353472] cloud-init[1071]: |     o.o++.      |
[   22.355826] cloud-init[1071]: |  ....o+++o      |
[   22.364753] [cloud-init[0;32m  OK  [0m[1071]: ] |.oo.o ++=.       |Started LSB: Record successful boot for GRUB.

[   22.365188] cloud-init[1071]: |oE +.o.= .       |
[   22.376900] cloud-init[1071]: |..... = S +      |
[   22.388336] cloud-init[1071]: |  .    o * O .   |
[   22.393092] cloud-init[1071]: |        + O B    |
[   22.398644] cloud-init[1071]: |       . * o .   |
[   22.400748] cloud-init[1071]: |        +++      |
[   22.415946] cloud-init[1071]: +----[SHA256]-----+
[   22.423235] cloud-init[1071]: Generating public/private ed25519 key pair.
[   22.425680]          cloud-initStarting Authenticate and Authorize Users to Run Privileged Tasks...[1071]: 
Your identification has been saved in /etc/ssh/ssh_host_ed25519_key.
[   22.438813] [cloud-init[0;32m  OK  [0m[1071]: ] Your public key has been saved in /etc/ssh/ssh_host_ed25519_key.pub.Reached target Remote File Systems (Pre).

[[   22.439238] cloud-init[1071]: The key fingerprint is:
[0;32m  OK  [0m] Reached target Remote File Systems.[   22.443288] 
cloud-init[1071]: SHA256:pGLLAWSambkBs7M9dFAB3s4PIryJrysUB+JaV0UpIMs root@ubuntu-xenial
[   22.457010]          cloud-initStarting LSB: daemon to balance interrupts for SMP systems...[1071]: 
The key's randomart image is:
[   22.460956]          cloud-initStarting LSB: VirtualBox Linux Additions...[1071]: 
+--[ED25519 256]--+
[   22.463510]          cloud-initStarting Permit User Sessions...[1071]: 
|o *o+o oo.       |
[   22.474583]          cloud-initStarting LSB: automatic crash report generation...[1071]: 
|o# =  o .        |
[   22.482956]          cloud-initStarting LSB: Set the CPU Frequency Scaling governor to "ondemand"...[1071]: 
|% E o. ..        |
[   22.487472] [cloud-init[0;32m  OK  [0m[1071]: ] |.X.*.  o         |Started Permit User Sessions.

[   22.487763] cloud-init[1071]: |=o*.B . S        |
[   22.508061] [cloud-init[0;32m  OK  [0m[1071]: ] |ooo= *           |Started Pollinate to seed the pseudo random number generator.

[   22.508518] cloud-init[1071]: |oo  o .          |
[   22.536972] [cloud-init[0;32m  OK  [0m[1071]: ] |..               |Started Login Service.

[   22.537232] cloud-init[1071]: |+o.              |
[   22.556664] [cloud-init[0;32m  OK  [0m[1071]: ] +----[SHA256]-----+Started Authenticate and Authorize Users to Run Privileged Tasks.

[[0;32m  OK  [0m] Started Accounts Service.
[[0;32m  OK  [0m] Started LSB: daemon to balance interrupts for SMP systems.
[   22.601619] cloud-init[1254]: Generating locales (this might take a while)...
[[0;32m  OK  [0m] Started LSB: automatic crash report generation.
[[0;32m  OK  [0m] Started LSB: VirtualBox Linux Additions.
[[0;32m  OK  [0m] Started LSB: Set the CPU Frequency Scaling governor to "ondemand".
         Starting OpenBSD Secure Shell server...
         Starting Terminate Plymouth Boot Screen...
         Starting Hold until boot process finishes up...
[[0;32m  OK  [0m] Started OpenBSD Secure Shell server.
[[0;32m  OK  [0m] Started Terminate Plymouth Boot Screen.
[[0;32m  OK  [0m] Started Hold until boot process finishes up.
         Starting Set console scheme...
[[0;32m  OK  [0m] Started Serial Getty on ttyS0.
[[0;32m  OK  [0m] Started Getty on tty1.
[[0;32m  OK  [0m] Reached target Login Prompts.
[[0;32m  OK  [0m] Reached target Multi-User System.
[[0;32m  OK  [0m] Reached target Graphical Interface.
         Starting Update UTMP about System Runlevel Changes...
[[0;32m  OK  [0m] Started Set console scheme.
[[0;32m  OK  [0m] Started Update UTMP about System Runlevel Changes.
[   23.303607] cloud-init[1254]:   en_US.UTF-8... done
[   23.309333] cloud-init[1254]: Generation complete.
         Stopping OpenBSD Secure Shell server...
[[0;32m  OK  [0m] Stopped OpenBSD Secure Shell server.
         Starting OpenBSD Secure Shell server...
[[0;32m  OK  [0m] Started OpenBSD Secure Shell server.
[   23.636116] cloud-init[1254]: Cloud-init v. 0.7.8 running 'modules:config' at Sun, 18 Dec 2016 19:28:21 +0000. Up 22.51 seconds.
[[0;32m  OK  [0m] Started Apply the settings specified in cloud-config.
         Starting Execute cloud user/final scripts...
ci-info: no authorized ssh keys fingerprints found for user ubuntu.
<14>Dec 18 19:28:22 ec2: 
<14>Dec 18 19:28:22 ec2: #############################################################
<14>Dec 18 19:28:22 ec2: -----BEGIN SSH HOST KEY FINGERPRINTS-----
<14>Dec 18 19:28:22 ec2: 1024 SHA256:q5FhhQLb4j4J35tCRZxRxLkOgFTCaxQa++V6N2uVtfY root@ubuntu-xenial (DSA)
<14>Dec 18 19:28:22 ec2: 256 SHA256:krFkHW0ky7/J9PDSloPShvvI7xBSwMeUGugKpcY3paQ root@ubuntu-xenial (ECDSA)
<14>Dec 18 19:28:22 ec2: 256 SHA256:pGLLAWSambkBs7M9dFAB3s4PIryJrysUB+JaV0UpIMs root@ubuntu-xenial (ED25519)
<14>Dec 18 19:28:22 ec2: 2048 SHA256:la9otxqBNQgl3wat0dGwkXU+40rcz3yGbEhn8TJml+A root@ubuntu-xenial (RSA)
<14>Dec 18 19:28:22 ec2: -----END SSH HOST KEY FINGERPRINTS-----
<14>Dec 18 19:28:22 ec2: #############################################################
-----BEGIN SSH HOST KEY KEYS-----
ecdsa-sha2-nistp256 AAAAE2VjZHNhLXNoYTItbmlzdHAyNTYAAAAIbmlzdHAyNTYAAABBBJtLPdVEvWleJzN3+wySt88ypk+QlnAYajiJ55/8lMQIIq/gVAhP92X7lYAZQ0N+y+KMFEU8e5AyKZLzciEkzXM= root@ubuntu-xenial
ssh-ed25519 AAAAC3NzaC1lZDI1NTE5AAAAIMJaHbLYd9jqcHCVW7gBtrS3ZZkQ6QlpoBnL6Ddc0nMc root@ubuntu-xenial
ssh-rsa AAAAB3NzaC1yc2EAAAADAQABAAABAQCoNkWv6P5xDLo6GBjqXWX9po0MvhSl6Y6R8CrRXZKFD2hXyba8OEPpxRfLl2sbyUC1N5jVRbuoPggDzIMGzenFjvRLtvJFEhFvltfap3RVwSYuhIXKxx1xlY9b1JKikOO9F/GNEafhJesW37rCLZDv3X+NlHHvoM1k9NqlbhCf6q9hD8TIdRUX4KqMHcysrrIMnd20+HSkH6nqSKlhdjcU1ycaJMfiEpbZSR/FJ7ePo+7ooPdS5Clw4BarbwU8lFcZcMNNkJkbLj1lPuhOwYLmoBDnMghU/VZyJUyLJoA6K6+bPKNBCV0dsRL5h8YqidZFQidmJZq+wkeOfeT+8HG5 root@ubuntu-xenial
-----END SSH HOST KEY KEYS-----
[   24.104778] cloud-init[1430]: Cloud-init v. 0.7.8 running 'modules:final' at Sun, 18 Dec 2016 19:28:22 +0000. Up 23.91 seconds.
[   24.113746] cloud-init[1430]: ci-info: no authorized ssh keys fingerprints found for user ubuntu.
[   24.116453] cloud-init[1430]: Cloud-init v. 0.7.8 finished at Sun, 18 Dec 2016 19:28:22 +0000. Datasource DataSourceNoCloud [seed=/dev/sdb][dsmode=net].  Up 24.09 seconds
[[0;32m  OK  [0m] Started Execute cloud user/final scripts.
[[0;32m  OK  [0m] Reached target Cloud-init target.

Ubuntu 16.04.1 LTS ubuntu-xenial ttyS0

ubuntu-xenial login: 